<?xml version="1.0" encoding="UTF-8"?>
<testng-results skipped="0" failed="0" ignored="0" total="1" passed="1">
  <reporter-output>
  </reporter-output>
  <suite name="Default suite" duration-ms="35345" started-at="2019-03-11T12:26:27Z" finished-at="2019-03-11T12:27:02Z">
    <groups>
    </groups>
    <test name="Default test" duration-ms="35345" started-at="2019-03-11T12:26:27Z" finished-at="2019-03-11T12:27:02Z">
      <class name="com.training.sanity.tests.RETC_025Tests">
        <test-method status="PASS" signature="setUpBeforeClass()[pri:0, instance:com.training.sanity.tests.RETC_025Tests@4c70fda8]" name="setUpBeforeClass" is-config="true" duration-ms="20" started-at="2019-03-11T17:56:27Z" finished-at="2019-03-11T17:56:27Z">
          <reporter-output>
          </reporter-output>
        </test-method> <!-- setUpBeforeClass -->
        <test-method status="PASS" signature="setUp()[pri:0, instance:com.training.sanity.tests.RETC_025Tests@4c70fda8]" name="setUp" is-config="true" duration-ms="20922" started-at="2019-03-11T17:56:27Z" finished-at="2019-03-11T17:56:47Z">
          <reporter-output>
          </reporter-output>
        </test-method> <!-- setUp -->
        <test-method status="PASS" signature="FilterPropertiesTest()[pri:0, instance:com.training.sanity.tests.RETC_025Tests@4c70fda8]" name="FilterPropertiesTest" duration-ms="12551" started-at="2019-03-11T17:56:47Z" finished-at="2019-03-11T17:57:00Z">
          <reporter-output>
          </reporter-output>
        </test-method> <!-- FilterPropertiesTest -->
        <test-method status="PASS" signature="tearDown()[pri:0, instance:com.training.sanity.tests.RETC_025Tests@4c70fda8]" name="tearDown" is-config="true" duration-ms="1842" started-at="2019-03-11T17:57:00Z" finished-at="2019-03-11T17:57:02Z">
          <reporter-output>
          </reporter-output>
        </test-method> <!-- tearDown -->
      </class> <!-- com.training.sanity.tests.RETC_025Tests -->
    </test> <!-- Default test -->
  </suite> <!-- Default suite -->
</testng-results>
